#
# A fatal error has been detected by the Java Runtime Environment:
#
#  EXCEPTION_ACCESS_VIOLATION (0xc0000005) at pc=0x00007ff956b5c6f9, pid=1828, tid=3092
#
# JRE version: Java(TM) SE Runtime Environment 18.9 (11.0.12+8) (build 11.0.12+8-LTS-237)
# Java VM: Java HotSpot(TM) 64-Bit Server VM 18.9 (11.0.12+8-LTS-237, mixed mode, tiered, compressed oops, g1 gc, windows-amd64)
# Problematic frame:
# C  [native-platform-file-events.dll+0x1c6f9]
#
# No core dump will be written. Minidumps are not enabled by default on client versions of Windows
#
# If you would like to submit a bug report, please visit:
#   https://bugreport.java.com/bugreport/crash.jsp
# The crash happened outside the Java Virtual Machine in native code.
# See problematic frame for where to report the bug.
#

---------------  S U M M A R Y ------------

Command Line: --add-opens=java.base/java.util=ALL-UNNAMED --add-opens=java.base/java.lang=ALL-UNNAMED --add-opens=java.base/java.lang.invoke=ALL-UNNAMED --add-opens=java.base/java.util=ALL-UNNAMED --add-opens=java.prefs/java.util.prefs=ALL-UNNAMED --add-opens=java.prefs/java.util.prefs=ALL-UNNAMED --add-opens=java.base/java.nio.charset=ALL-UNNAMED --add-opens=java.base/java.net=ALL-UNNAMED --add-opens=java.base/java.util.concurrent.atomic=ALL-UNNAMED -Xmx2048m -Dfile.encoding=UTF-8 -Duser.country=BR -Duser.language=pt -Duser.variant org.gradle.launcher.daemon.bootstrap.GradleDaemon 7.0.2

Host: Intel(R) Core(TM) i3-8100 CPU @ 3.60GHz, 4 cores, 7G,  Windows 10 , 64 bit Build 19041 (10.0.19041.1889)
Time: Wed Sep 28 16:24:27 2022 Hora oficial do Brasil elapsed time: 44.146019 seconds (0d 0h 0m 44s)

---------------  T H R E A D  ---------------

Current thread (0x00000208796b8800):  JavaThread "File watcher server" daemon [_thread_in_native, id=3092, stack(0x000000a368f00000,0x000000a369000000)]

Stack: [0x000000a368f00000,0x000000a369000000],  sp=0x000000a368ffe5e0,  free space=1017k
Native frames: (J=compiled Java code, j=interpreted, Vv=VM code, C=native code)
C  [native-platform-file-events.dll+0x1c6f9]

Java frames: (J=compiled Java code, j=interpreted, Vv=VM code)
j  net.rubygrapefruit.platform.internal.jni.AbstractFileEventFunctions$NativeFileWatcher.executeRunLoop0(Ljava/lang/Object;)V+0
j  net.rubygrapefruit.platform.internal.jni.AbstractFileEventFunctions$NativeFileWatcher.access$100(Lnet/rubygrapefruit/platform/internal/jni/AbstractFileEventFunctions$NativeFileWatcher;Ljava/lang/Object;)V+2
j  net.rubygrapefruit.platform.internal.jni.AbstractFileEventFunctions$NativeFileWatcher$1.run()V+26
v  ~StubRoutines::call_stub

siginfo: EXCEPTION_ACCESS_VIOLATION (0xc0000005), reading address 0xffffffffffffffff


Register to memory mapping:

RIP=0x00007ff956b5c6f9 native-platform-file-events.dll
RAX=0x412f73746174732f is an unknown value
RBX=0x0000000000000001 is an unknown value
RCX=0x412f73746174732f is an unknown value
RDX=0x0 is NULL
RSP=0x000000a368ffe5e0 is pointing into the stack for thread: 0x00000208796b8800
RBP=0x000000a368ffeee8 is pointing into the stack for thread: 0x00000208796b8800
RSI=0x0 is NULL
RDI=
[error occurred during error reporting (printing register info), id 0xc0000005, EXCEPTION_ACCESS_VIOLATION (0xc0000005) at pc=0x00007ff9363c7166]

Registers:
RAX=0x412f73746174732f, RBX=0x0000000000000001, RCX=0x412f73746174732f, RDX=0x0000000000000000
RSP=0x000000a368ffe5e0, RBP=0x000000a368ffeee8, RSI=0x0000000000000000, RDI=0x00000000ffffffff
R8 =0x000000007373656c, R9 =0x000000a368ffe700, R10=0x0000000000000000, R11=0x0000000000000246
R12=0x0000000000000000, R13=0x000002087c416f78, R14=0x000000a368ffef10, R15=0x00000208796b8800
RIP=0x00007ff956b5c6f9, EFLAGS=0x0000000000010297

Top of Stack: (sp=0x000000a368ffe5e0)
0x000000a368ffe5e0:   000000a368ffe620 000000a3685fc280
0x000000a368ffe5f0:   0000020800000000 0000020879e83250
0x000000a368ffe600:   0000000000000001 0000000084c99158
0x000000a368ffe610:   0000000000000000 0000000000000289
0x000000a368ffe620:   000000a300000000 0000000000000001
0x000000a368ffe630:   000000a368ffe690 00007ff956b5daad
0x000000a368ffe640:   0000b24ca5a9ebff 00000000806856b8
0x000000a368ffe650:   00000208796b8800 000000a368ffef10
0x000000a368ffe660:   000002087c416f78 0000000000000000
0x000000a368ffe670:   000000a368ffeee8 00007ff9ab34f1db
0x000000a368ffe680:   000000a3685fc240 0000000000000000
0x000000a368ffe690:   00007ff956b5da90 000000a3685fc240
0x000000a368ffe6a0:   0000000000000048 0000f06ef14b180d
0x000000a368ffe6b0:   0000000000000000 00007ff956b5c882
0x000000a368ffe6c0:   412f73746174732f ffffffff00000000
0x000000a368ffe6d0:   00007ff97373656c 0000020879e83230 

Instructions: (pc=0x00007ff956b5c6f9)
0x00007ff956b5c6d9:   00 e8 c0 59 fe ff 48 8b 8c 24 e0 00 00 00 e8 3a
0x00007ff956b5c6e9:   9b fe ff e9 36 01 00 00 48 8b 84 24 e0 00 00 00
0x00007ff956b5c6f9:   83 78 68 01 0f 84 cb 00 00 00 ba 03 00 00 00 48
0x00007ff956b5c709:   8b 0d 01 ae 10 00 e8 2e a2 fe ff 0f b6 c0 85 c0 


Stack slot to memory mapping:
stack at sp + 0 slots: 0x000000a368ffe620 is pointing into the stack for thread: 0x00000208796b8800
stack at sp + 1 slots: 0x000000a3685fc280 is pointing into the stack for thread: 0x000002087a0bb000
stack at sp + 2 slots: 0x0000020800000000 is pointing into metadata
stack at sp + 3 slots: 0x0000020879e83250 points into unknown readable memory: 0x725064696f72646e | 6e 64 72 6f 69 64 50 72
stack at sp + 4 slots: 0x0000000000000001 is an unknown value
stack at sp + 5 slots: 0x0000000084c99158 is an unallocated location in the heap
stack at sp + 6 slots: 0x0 is NULL
stack at sp + 7 slots: 0x0000000000000289 is an unknown value


---------------  P R O C E S S  ---------------

Threads class SMR info:
_java_thread_list=0x000002087ca0eb30, length=46, elements={
0x00000208562a9000, 0x00000208767c9000, 0x00000208767cc000, 0x00000208767c3000,
0x00000208767c4000, 0x00000208767c5000, 0x00000208767c6000, 0x000002087680d800,
0x00000208771a3000, 0x00000208772a4800, 0x0000020879cc8000, 0x00000208780a7000,
0x000002087a4b4800, 0x0000020879d98000, 0x00000208781c7000, 0x00000208781c8000,
0x000002087a0bb000, 0x000002087a0bb800, 0x000002087772b800, 0x0000020879bc1800,
0x00000208796b5000, 0x00000208796bb800, 0x00000208796b9800, 0x00000208796b6000,
0x00000208796b8800, 0x00000208796b7000, 0x00000208796ba000, 0x00000208796b7800,
0x00000208796bb000, 0x0000020879aaa000, 0x0000020879aa7800, 0x0000020879aa8000,
0x0000020879aa9000, 0x0000020879aa5800, 0x0000020879aae800, 0x0000020879aad000,
0x0000020879aac000, 0x0000020879ab3000, 0x0000020879ab3800, 0x0000020879aae000,
0x0000020879aaf800, 0x0000020879ab1000, 0x000002087c6cd800, 0x000002087c6c9800,
0x000002087c6ce800, 0x000002087d044800
}

Java Threads: ( => current thread )
  0x00000208562a9000 JavaThread "main" [_thread_blocked, id=836, stack(0x000000a366c00000,0x000000a366d00000)]
  0x00000208767c9000 JavaThread "Reference Handler" daemon [_thread_blocked, id=11016, stack(0x000000a367300000,0x000000a367400000)]
  0x00000208767cc000 JavaThread "Finalizer" daemon [_thread_blocked, id=10436, stack(0x000000a367400000,0x000000a367500000)]
  0x00000208767c3000 JavaThread "Signal Dispatcher" daemon [_thread_blocked, id=9796, stack(0x000000a367500000,0x000000a367600000)]
  0x00000208767c4000 JavaThread "Attach Listener" daemon [_thread_blocked, id=1996, stack(0x000000a367600000,0x000000a367700000)]
  0x00000208767c5000 JavaThread "Service Thread" daemon [_thread_blocked, id=12496, stack(0x000000a367700000,0x000000a367800000)]
  0x00000208767c6000 JavaThread "C2 CompilerThread0" daemon [_thread_in_native, id=6612, stack(0x000000a367800000,0x000000a367900000)]
  0x000002087680d800 JavaThread "C1 CompilerThread0" daemon [_thread_blocked, id=8796, stack(0x000000a367900000,0x000000a367a00000)]
  0x00000208771a3000 JavaThread "Sweeper thread" daemon [_thread_blocked, id=5556, stack(0x000000a367a00000,0x000000a367b00000)]
  0x00000208772a4800 JavaThread "Common-Cleaner" daemon [_thread_blocked, id=7188, stack(0x000000a367b00000,0x000000a367c00000)]
  0x0000020879cc8000 JavaThread "Daemon health stats" [_thread_blocked, id=1764, stack(0x000000a368000000,0x000000a368100000)]
  0x00000208780a7000 JavaThread "Incoming local TCP Connector on port 50279" [_thread_in_native, id=3960, stack(0x000000a367d00000,0x000000a367e00000)]
  0x000002087a4b4800 JavaThread "Daemon periodic checks" [_thread_blocked, id=8724, stack(0x000000a368100000,0x000000a368200000)]
  0x0000020879d98000 JavaThread "Daemon" [_thread_blocked, id=10156, stack(0x000000a368200000,0x000000a368300000)]
  0x00000208781c7000 JavaThread "Handler for socket connection from /127.0.0.1:50279 to /127.0.0.1:50282" [_thread_in_native, id=1840, stack(0x000000a368300000,0x000000a368400000)]
  0x00000208781c8000 JavaThread "Cancel handler" [_thread_blocked, id=6340, stack(0x000000a368400000,0x000000a368500000)]
  0x000002087a0bb000 JavaThread "Daemon worker" [_thread_in_native, id=13016, stack(0x000000a368500000,0x000000a368600000)]
  0x000002087a0bb800 JavaThread "Asynchronous log dispatcher for DefaultDaemonConnection: socket connection from /127.0.0.1:50279 to /127.0.0.1:50282" [_thread_blocked, id=876, stack(0x000000a368600000,0x000000a368700000)]
  0x000002087772b800 JavaThread "Stdin handler" [_thread_blocked, id=11748, stack(0x000000a368700000,0x000000a368800000)]
  0x0000020879bc1800 JavaThread "Daemon client event forwarder" [_thread_blocked, id=9000, stack(0x000000a368800000,0x000000a368900000)]
  0x00000208796b5000 JavaThread "Cache worker for file hash cache (D:\AndroidWorkFolder\.gradle\caches\7.0.2\fileHashes)" [_thread_blocked, id=8864, stack(0x000000a368a00000,0x000000a368b00000)]
  0x00000208796bb800 JavaThread "File lock request listener" [_thread_in_native, id=12068, stack(0x000000a368b00000,0x000000a368c00000)]
  0x00000208796b9800 JavaThread "Cache worker for journal cache (D:\AndroidWorkFolder\.gradle\caches\journal-1)" [_thread_blocked, id=2604, stack(0x000000a368c00000,0x000000a368d00000)]
  0x00000208796b6000 JavaThread "Cache worker for file hash cache (Z:\AndroidStudioProjects\BrowseImoveis01\.gradle\7.0.2\fileHashes)" [_thread_blocked, id=11436, stack(0x000000a368e00000,0x000000a368f00000)]
=>0x00000208796b8800 JavaThread "File watcher server" daemon [_thread_in_native, id=3092, stack(0x000000a368f00000,0x000000a369000000)]
  0x00000208796b7000 JavaThread "File watcher consumer" daemon [_thread_blocked, id=10380, stack(0x000000a369000000,0x000000a369100000)]
  0x00000208796ba000 JavaThread "Cache worker for checksums cache (Z:\AndroidStudioProjects\BrowseImoveis01\.gradle\checksums)" [_thread_blocked, id=9496, stack(0x000000a369100000,0x000000a369200000)]
  0x00000208796b7800 JavaThread "Cache worker for cache directory md-supplier (D:\AndroidWorkFolder\.gradle\caches\7.0.2\md-supplier)" [_thread_blocked, id=7780, stack(0x000000a369200000,0x000000a369300000)]
  0x00000208796bb000 JavaThread "Cache worker for cache directory md-rule (D:\AndroidWorkFolder\.gradle\caches\7.0.2\md-rule)" [_thread_blocked, id=3608, stack(0x000000a368d00000,0x000000a368e00000)]
  0x0000020879aaa000 JavaThread "Cache worker for execution history cache (D:\AndroidWorkFolder\.gradle\caches\7.0.2\executionHistory)" [_thread_blocked, id=10256, stack(0x000000a369300000,0x000000a369400000)]
  0x0000020879aa7800 JavaThread "jar transforms" [_thread_blocked, id=1240, stack(0x000000a369500000,0x000000a369600000)]
  0x0000020879aa8000 JavaThread "jar transforms Thread 2" [_thread_blocked, id=1228, stack(0x000000a369600000,0x000000a369700000)]
  0x0000020879aa9000 JavaThread "Cache worker for file content cache (D:\AndroidWorkFolder\.gradle\caches\7.0.2\fileContent)" [_thread_blocked, id=13200, stack(0x000000a369700000,0x000000a369800000)]
  0x0000020879aa5800 JavaThread "Cache worker for dependencies-accessors (Z:\AndroidStudioProjects\BrowseImoveis01\.gradle\7.0.2\dependencies-accessors)" [_thread_blocked, id=2668, stack(0x000000a369800000,0x000000a369900000)]
  0x0000020879aae800 JavaThread "jar transforms Thread 3" [_thread_blocked, id=9604, stack(0x000000a369900000,0x000000a369a00000)]
  0x0000020879aad000 JavaThread "Cache worker for Build Output Cleanup Cache (Z:\AndroidStudioProjects\BrowseImoveis01\.gradle\buildOutputCleanup)" [_thread_blocked, id=11616, stack(0x000000a369a00000,0x000000a369b00000)]
  0x0000020879aac000 JavaThread "Build operations" [_thread_blocked, id=13184, stack(0x000000a369400000,0x000000a369500000)]
  0x0000020879ab3000 JavaThread "Build operations Thread 2" [_thread_blocked, id=10496, stack(0x000000a369b00000,0x000000a369c00000)]
  0x0000020879ab3800 JavaThread "Build operations Thread 3" [_thread_blocked, id=8740, stack(0x000000a369c00000,0x000000a369d00000)]
  0x0000020879aae000 JavaThread "Build operations Thread 4" [_thread_blocked, id=7444, stack(0x000000a369d00000,0x000000a369e00000)]
  0x0000020879aaf800 JavaThread "jar transforms Thread 4" [_thread_blocked, id=4756, stack(0x000000a369f00000,0x000000a36a000000)]
  0x0000020879ab1000 JavaThread "Memory manager" [_thread_blocked, id=10828, stack(0x000000a36a000000,0x000000a36a100000)]
  0x000002087c6cd800 JavaThread "pool-3-thread-1" [_thread_blocked, id=7084, stack(0x000000a36a400000,0x000000a36a500000)]
  0x000002087c6c9800 JavaThread "Cache worker for execution history cache (Z:\AndroidStudioProjects\BrowseImoveis01\.gradle\7.0.2\executionHistory)" [_thread_blocked, id=4560, stack(0x000000a369e00000,0x000000a369f00000)]
  0x000002087c6ce800 JavaThread "pool-2-thread-1" [_thread_in_vm, id=9632, stack(0x000000a36a300000,0x000000a36a400000)]
  0x000002087d044800 JavaThread "C2 CompilerThread1" daemon [_thread_in_native, id=3208, stack(0x000000a36a500000,0x000000a36a600000)]

Other Threads:
  0x00000208767b3000 VMThread "VM Thread" [stack: 0x000000a367200000,0x000000a367300000] [id=7240]
  0x00000208772d0000 WatcherThread [stack: 0x000000a367c00000,0x000000a367d00000] [id=12628]
  0x00000208562c0000 GCTaskThread "GC Thread#0" [stack: 0x000000a366d00000,0x000000a366e00000] [id=2296]
  0x0000020877495000 GCTaskThread "GC Thread#1" [stack: 0x000000a367e00000,0x000000a367f00000] [id=8244]
  0x000002087780c800 GCTaskThread "GC Thread#2" [stack: 0x000000a367f00000,0x000000a368000000] [id=10420]
  0x000002087772c800 GCTaskThread "GC Thread#3" [stack: 0x000000a368900000,0x000000a368a00000] [id=9328]
  0x00000208562f2000 ConcurrentGCThread "G1 Main Marker" [stack: 0x000000a366e00000,0x000000a366f00000] [id=8628]
  0x00000208562f3000 ConcurrentGCThread "G1 Conc#0" [stack: 0x000000a366f00000,0x000000a367000000] [id=12648]
  0x0000020856380000 ConcurrentGCThread "G1 Refine#0" [stack: 0x000000a367000000,0x000000a367100000] [id=12304]
  0x0000020856381000 ConcurrentGCThread "G1 Young RemSet Sampling" [stack: 0x000000a367100000,0x000000a367200000] [id=7064]

Threads with active compile tasks:
C2 CompilerThread0  44514 8464   !   4       java.io.ObjectOutputStream::writeObject0 (619 bytes)
C2 CompilerThread1  44515 8485   !   4       java.io.ObjectOutputStream::defaultWriteFields (284 bytes)

VM state:not at safepoint (normal execution)

VM Mutex/Monitor currently owned by a thread: None

Heap address: 0x0000000080000000, size: 2048 MB, Compressed Oops mode: 32-bit
Narrow klass base: 0x0000000000000000, Narrow klass shift: 3
Compressed class space size: 1073741824 Address: 0x0000000100000000

Heap:
 garbage-first heap   total 155648K, used 70829K [0x0000000080000000, 0x0000000100000000)
  region size 1024K, 7 young (7168K), 4 survivors (4096K)
 Metaspace       used 84875K, capacity 87099K, committed 87240K, reserved 1124352K
  class space    used 10775K, capacity 11594K, committed 11648K, reserved 1048576K
Heap Regions: E=young(eden), S=young(survivor), O=old, HS=humongous(starts), HC=humongous(continues), CS=collection set, F=free, A=archive, TAMS=top-at-mark-start (previous, next)
|   0|0x0000000080000000, 0x0000000080100000, 0x0000000080100000|100%| O|  |TAMS 0x0000000080100000, 0x0000000080000000| Untracked 
|   1|0x0000000080100000, 0x0000000080200000, 0x0000000080200000|100%| O|  |TAMS 0x0000000080200000, 0x0000000080100000| Untracked 
|   2|0x0000000080200000, 0x0000000080300000, 0x0000000080300000|100%| O|  |TAMS 0x0000000080300000, 0x0000000080200000| Untracked 
|   3|0x0000000080300000, 0x0000000080400000, 0x0000000080400000|100%|HS|  |TAMS 0x0000000080400000, 0x0000000080300000| Complete 
|   4|0x0000000080400000, 0x0000000080500000, 0x0000000080500000|100%|HC|  |TAMS 0x0000000080500000, 0x0000000080400000| Complete 
|   5|0x0000000080500000, 0x0000000080600000, 0x0000000080600000|100%|HC|  |TAMS 0x0000000080600000, 0x0000000080500000| Complete 
|   6|0x0000000080600000, 0x0000000080700000, 0x0000000080700000|100%| O|  |TAMS 0x0000000080700000, 0x0000000080600000| Untracked 
|   7|0x0000000080700000, 0x0000000080800000, 0x0000000080800000|100%| O|  |TAMS 0x0000000080800000, 0x0000000080700000| Untracked 
|   8|0x0000000080800000, 0x0000000080900000, 0x0000000080900000|100%| O|  |TAMS 0x0000000080900000, 0x0000000080800000| Untracked 
|   9|0x0000000080900000, 0x0000000080a00000, 0x0000000080a00000|100%| O|  |TAMS 0x0000000080a00000, 0x0000000080900000| Untracked 
|  10|0x0000000080a00000, 0x0000000080b00000, 0x0000000080b00000|100%| O|  |TAMS 0x0000000080b00000, 0x0000000080a00000| Untracked 
|  11|0x0000000080b00000, 0x0000000080c00000, 0x0000000080c00000|100%| O|  |TAMS 0x0000000080c00000, 0x0000000080b00000| Untracked 
|  12|0x0000000080c00000, 0x0000000080d00000, 0x0000000080d00000|100%| O|  |TAMS 0x0000000080d00000, 0x0000000080c00000| Untracked 
|  13|0x0000000080d00000, 0x0000000080e00000, 0x0000000080e00000|100%| O|  |TAMS 0x0000000080e00000, 0x0000000080d00000| Untracked 
|  14|0x0000000080e00000, 0x0000000080f00000, 0x0000000080f00000|100%| O|  |TAMS 0x0000000080f00000, 0x0000000080e00000| Untracked 
|  15|0x0000000080f00000, 0x0000000081000000, 0x0000000081000000|100%| O|  |TAMS 0x0000000081000000, 0x0000000080f00000| Untracked 
|  16|0x0000000081000000, 0x0000000081100000, 0x0000000081100000|100%|HS|  |TAMS 0x0000000081100000, 0x0000000081000000| Complete 
|  17|0x0000000081100000, 0x0000000081200000, 0x0000000081200000|100%| O|  |TAMS 0x0000000081200000, 0x0000000081100000| Untracked 
|  18|0x0000000081200000, 0x0000000081300000, 0x0000000081300000|100%| O|  |TAMS 0x0000000081300000, 0x0000000081200000| Untracked 
|  19|0x0000000081300000, 0x0000000081400000, 0x0000000081400000|100%| O|  |TAMS 0x0000000081400000, 0x0000000081300000| Untracked 
|  20|0x0000000081400000, 0x0000000081500000, 0x0000000081500000|100%| O|  |TAMS 0x0000000081500000, 0x0000000081400000| Untracked 
|  21|0x0000000081500000, 0x0000000081600000, 0x0000000081600000|100%| O|  |TAMS 0x0000000081600000, 0x0000000081500000| Untracked 
|  22|0x0000000081600000, 0x0000000081700000, 0x0000000081700000|100%| O|  |TAMS 0x0000000081700000, 0x0000000081600000| Untracked 
|  23|0x0000000081700000, 0x0000000081800000, 0x0000000081800000|100%| O|  |TAMS 0x0000000081800000, 0x0000000081700000| Untracked 
|  24|0x0000000081800000, 0x0000000081900000, 0x0000000081900000|100%| O|  |TAMS 0x0000000081900000, 0x0000000081800000| Untracked 
|  25|0x0000000081900000, 0x0000000081a00000, 0x0000000081a00000|100%| O|  |TAMS 0x0000000081a00000, 0x0000000081900000| Untracked 
|  26|0x0000000081a00000, 0x0000000081b00000, 0x0000000081b00000|100%| O|  |TAMS 0x0000000081b00000, 0x0000000081a00000| Untracked 
|  27|0x0000000081b00000, 0x0000000081c00000, 0x0000000081c00000|100%| O|  |TAMS 0x0000000081c00000, 0x0000000081b00000| Untracked 
|  28|0x0000000081c00000, 0x0000000081d00000, 0x0000000081d00000|100%|HS|  |TAMS 0x0000000081d00000, 0x0000000081c00000| Complete 
|  29|0x0000000081d00000, 0x0000000081e00000, 0x0000000081e00000|100%|HS|  |TAMS 0x0000000081e00000, 0x0000000081d00000| Complete 
|  30|0x0000000081e00000, 0x0000000081f00000, 0x0000000081f00000|100%|HC|  |TAMS 0x0000000081f00000, 0x0000000081e00000| Complete 
|  31|0x0000000081f00000, 0x0000000082000000, 0x0000000082000000|100%| O|  |TAMS 0x0000000082000000, 0x0000000081f00000| Untracked 
|  32|0x0000000082000000, 0x0000000082100000, 0x0000000082100000|100%| O|  |TAMS 0x0000000082100000, 0x0000000082000000| Untracked 
|  33|0x0000000082100000, 0x0000000082200000, 0x0000000082200000|100%| O|  |TAMS 0x0000000082200000, 0x0000000082100000| Untracked 
|  34|0x0000000082200000, 0x0000000082300000, 0x0000000082300000|100%| O|  |TAMS 0x0000000082300000, 0x0000000082200000| Untracked 
|  35|0x0000000082300000, 0x0000000082400000, 0x0000000082400000|100%| O|  |TAMS 0x0000000082400000, 0x0000000082300000| Untracked 
|  36|0x0000000082400000, 0x0000000082500000, 0x0000000082500000|100%| O|  |TAMS 0x0000000082500000, 0x0000000082400000| Untracked 
|  37|0x0000000082500000, 0x0000000082600000, 0x0000000082600000|100%| O|  |TAMS 0x0000000082600000, 0x0000000082500000| Untracked 
|  38|0x0000000082600000, 0x0000000082700000, 0x0000000082700000|100%| O|  |TAMS 0x0000000082700000, 0x0000000082600000| Untracked 
|  39|0x0000000082700000, 0x0000000082800000, 0x0000000082800000|100%| O|  |TAMS 0x0000000082800000, 0x0000000082700000| Untracked 
|  40|0x0000000082800000, 0x0000000082900000, 0x0000000082900000|100%| O|  |TAMS 0x0000000082900000, 0x0000000082800000| Untracked 
|  41|0x0000000082900000, 0x0000000082a00000, 0x0000000082a00000|100%| O|  |TAMS 0x0000000082a00000, 0x0000000082900000| Untracked 
|  42|0x0000000082a00000, 0x0000000082b00000, 0x0000000082b00000|100%| O|  |TAMS 0x0000000082b00000, 0x0000000082a00000| Untracked 
|  43|0x0000000082b00000, 0x0000000082c00000, 0x0000000082c00000|100%| O|  |TAMS 0x0000000082c00000, 0x0000000082b00000| Untracked 
|  44|0x0000000082c00000, 0x0000000082d00000, 0x0000000082d00000|100%| O|  |TAMS 0x0000000082d00000, 0x0000000082c00000| Untracked 
|  45|0x0000000082d00000, 0x0000000082e00000, 0x0000000082e00000|100%| O|  |TAMS 0x0000000082d00000, 0x0000000082d00000| Untracked 
|  46|0x0000000082e00000, 0x0000000082f00000, 0x0000000082f00000|100%| O|  |TAMS 0x0000000082e4d800, 0x0000000082e00000| Untracked 
|  47|0x0000000082f00000, 0x0000000083000000, 0x0000000083000000|100%| O|  |TAMS 0x0000000082f00000, 0x0000000082f00000| Untracked 
|  48|0x0000000083000000, 0x0000000083100000, 0x0000000083100000|100%| O|  |TAMS 0x0000000083000000, 0x0000000083000000| Untracked 
|  49|0x0000000083100000, 0x0000000083200000, 0x0000000083200000|100%| O|  |TAMS 0x0000000083100000, 0x0000000083100000| Untracked 
|  50|0x0000000083200000, 0x0000000083300000, 0x0000000083300000|100%| O|  |TAMS 0x0000000083200000, 0x0000000083200000| Untracked 
|  51|0x0000000083300000, 0x0000000083400000, 0x0000000083400000|100%| O|  |TAMS 0x0000000083300000, 0x0000000083300000| Untracked 
|  52|0x0000000083400000, 0x0000000083500000, 0x0000000083500000|100%| O|  |TAMS 0x0000000083400000, 0x0000000083400000| Untracked 
|  53|0x0000000083500000, 0x0000000083600000, 0x0000000083600000|100%| O|  |TAMS 0x0000000083500000, 0x0000000083500000| Untracked 
|  54|0x0000000083600000, 0x0000000083700000, 0x0000000083700000|100%| O|  |TAMS 0x0000000083600000, 0x0000000083600000| Untracked 
|  55|0x0000000083700000, 0x0000000083800000, 0x0000000083800000|100%| O|  |TAMS 0x0000000083700000, 0x0000000083700000| Untracked 
|  56|0x0000000083800000, 0x0000000083900000, 0x0000000083900000|100%| O|  |TAMS 0x0000000083800000, 0x0000000083800000| Untracked 
|  57|0x0000000083900000, 0x0000000083a00000, 0x0000000083a00000|100%| O|  |TAMS 0x0000000083900000, 0x0000000083900000| Untracked 
|  58|0x0000000083a00000, 0x0000000083b00000, 0x0000000083b00000|100%| O|  |TAMS 0x0000000083a00000, 0x0000000083a00000| Untracked 
|  59|0x0000000083b00000, 0x0000000083c00000, 0x0000000083c00000|100%| O|  |TAMS 0x0000000083b00000, 0x0000000083b00000| Untracked 
|  60|0x0000000083c00000, 0x0000000083d00000, 0x0000000083d00000|100%| O|  |TAMS 0x0000000083c00000, 0x0000000083c00000| Untracked 
|  61|0x0000000083d00000, 0x0000000083e00000, 0x0000000083e00000|100%| O|  |TAMS 0x0000000083d00000, 0x0000000083d00000| Untracked 
|  62|0x0000000083e00000, 0x0000000083f00000, 0x0000000083f00000|100%| O|  |TAMS 0x0000000083e00000, 0x0000000083e00000| Untracked 
|  63|0x0000000083f00000, 0x0000000084000000, 0x0000000084000000|100%| O|  |TAMS 0x0000000083f00000, 0x0000000083f00000| Untracked 
|  64|0x0000000084000000, 0x000000008402b400, 0x0000000084100000| 16%| O|  |TAMS 0x0000000084000000, 0x0000000084000000| Untracked 
|  65|0x0000000084100000, 0x0000000084100000, 0x0000000084200000|  0%| F|  |TAMS 0x0000000084100000, 0x0000000084100000| Untracked 
|  66|0x0000000084200000, 0x0000000084200000, 0x0000000084300000|  0%| F|  |TAMS 0x0000000084200000, 0x0000000084200000| Untracked 
|  67|0x0000000084300000, 0x0000000084300000, 0x0000000084400000|  0%| F|  |TAMS 0x0000000084300000, 0x0000000084300000| Untracked 
|  68|0x0000000084400000, 0x0000000084400000, 0x0000000084500000|  0%| F|  |TAMS 0x0000000084400000, 0x0000000084400000| Untracked 
|  69|0x0000000084500000, 0x0000000084500000, 0x0000000084600000|  0%| F|  |TAMS 0x0000000084500000, 0x0000000084500000| Untracked 
|  70|0x0000000084600000, 0x0000000084600000, 0x0000000084700000|  0%| F|  |TAMS 0x0000000084600000, 0x0000000084600000| Untracked 
|  71|0x0000000084700000, 0x0000000084700000, 0x0000000084800000|  0%| F|  |TAMS 0x0000000084700000, 0x0000000084700000| Untracked 
|  72|0x0000000084800000, 0x0000000084800000, 0x0000000084900000|  0%| F|  |TAMS 0x0000000084800000, 0x0000000084800000| Untracked 
|  73|0x0000000084900000, 0x0000000084900000, 0x0000000084a00000|  0%| F|  |TAMS 0x0000000084900000, 0x0000000084900000| Untracked 
|  74|0x0000000084a00000, 0x0000000084a00000, 0x0000000084b00000|  0%| F|  |TAMS 0x0000000084a00000, 0x0000000084a00000| Untracked 
|  75|0x0000000084b00000, 0x0000000084b00000, 0x0000000084c00000|  0%| F|  |TAMS 0x0000000084b00000, 0x0000000084b00000| Untracked 
|  76|0x0000000084c00000, 0x0000000084c00000, 0x0000000084d00000|  0%| F|  |TAMS 0x0000000084c00000, 0x0000000084c00000| Untracked 
|  77|0x0000000084d00000, 0x0000000084d00000, 0x0000000084e00000|  0%| F|  |TAMS 0x0000000084d00000, 0x0000000084d00000| Untracked 
|  78|0x0000000084e00000, 0x0000000084e00000, 0x0000000084f00000|  0%| F|  |TAMS 0x0000000084e00000, 0x0000000084e00000| Untracked 
|  79|0x0000000084f00000, 0x0000000084f00000, 0x0000000085000000|  0%| F|  |TAMS 0x0000000084f00000, 0x0000000084f00000| Untracked 
|  80|0x0000000085000000, 0x0000000085000000, 0x0000000085100000|  0%| F|  |TAMS 0x0000000085000000, 0x0000000085000000| Untracked 
|  81|0x0000000085100000, 0x0000000085100000, 0x0000000085200000|  0%| F|  |TAMS 0x0000000085100000, 0x0000000085100000| Untracked 
|  82|0x0000000085200000, 0x0000000085200000, 0x0000000085300000|  0%| F|  |TAMS 0x0000000085200000, 0x0000000085200000| Untracked 
|  83|0x0000000085300000, 0x0000000085300000, 0x0000000085400000|  0%| F|  |TAMS 0x0000000085300000, 0x0000000085300000| Untracked 
|  84|0x0000000085400000, 0x0000000085400000, 0x0000000085500000|  0%| F|  |TAMS 0x0000000085400000, 0x0000000085400000| Untracked 
|  85|0x0000000085500000, 0x0000000085500000, 0x0000000085600000|  0%| F|  |TAMS 0x0000000085500000, 0x0000000085500000| Untracked 
|  86|0x0000000085600000, 0x0000000085600000, 0x0000000085700000|  0%| F|  |TAMS 0x0000000085600000, 0x0000000085600000| Untracked 
|  87|0x0000000085700000, 0x0000000085700000, 0x0000000085800000|  0%| F|  |TAMS 0x0000000085700000, 0x0000000085700000| Untracked 
|  88|0x0000000085800000, 0x0000000085800000, 0x0000000085900000|  0%| F|  |TAMS 0x0000000085800000, 0x0000000085800000| Untracked 
|  89|0x0000000085900000, 0x0000000085900000, 0x0000000085a00000|  0%| F|  |TAMS 0x0000000085900000, 0x0000000085900000| Untracked 
|  90|0x0000000085a00000, 0x0000000085a00000, 0x0000000085b00000|  0%| F|  |TAMS 0x0000000085a00000, 0x0000000085a00000| Untracked 
|  91|0x0000000085b00000, 0x0000000085b00000, 0x0000000085c00000|  0%| F|  |TAMS 0x0000000085b00000, 0x0000000085b00000| Untracked 
|  92|0x0000000085c00000, 0x0000000085c00000, 0x0000000085d00000|  0%| F|  |TAMS 0x0000000085c00000, 0x0000000085c00000| Untracked 
|  93|0x0000000085d00000, 0x0000000085d00000, 0x0000000085e00000|  0%| F|  |TAMS 0x0000000085d00000, 0x0000000085d00000| Untracked 
|  94|0x0000000085e00000, 0x0000000085f00000, 0x0000000085f00000|100%| S|CS|TAMS 0x0000000085e00000, 0x0000000085e00000| Complete 
|  95|0x0000000085f00000, 0x0000000086000000, 0x0000000086000000|100%| S|CS|TAMS 0x0000000085f00000, 0x0000000085f00000| Complete 
|  96|0x0000000086000000, 0x0000000086100000, 0x0000000086100000|100%| S|CS|TAMS 0x0000000086000000, 0x0000000086000000| Complete 
|  97|0x0000000086100000, 0x0000000086100000, 0x0000000086200000|  0%| F|  |TAMS 0x0000000086100000, 0x0000000086100000| Untracked 
|  98|0x0000000086200000, 0x0000000086200000, 0x0000000086300000|  0%| F|  |TAMS 0x0000000086200000, 0x0000000086200000| Untracked 
|  99|0x0000000086300000, 0x0000000086300000, 0x0000000086400000|  0%| F|  |TAMS 0x0000000086300000, 0x0000000086300000| Untracked 
| 100|0x0000000086400000, 0x0000000086500000, 0x0000000086500000|100%| S|CS|TAMS 0x0000000086400000, 0x0000000086400000| Complete 
| 101|0x0000000086500000, 0x0000000086500000, 0x0000000086600000|  0%| F|  |TAMS 0x0000000086500000, 0x0000000086500000| Untracked 
| 102|0x0000000086600000, 0x0000000086600000, 0x0000000086700000|  0%| F|  |TAMS 0x0000000086600000, 0x0000000086600000| Untracked 
| 103|0x0000000086700000, 0x0000000086700000, 0x0000000086800000|  0%| F|  |TAMS 0x0000000086700000, 0x0000000086700000| Untracked 
| 104|0x0000000086800000, 0x0000000086800000, 0x0000000086900000|  0%| F|  |TAMS 0x0000000086800000, 0x0000000086800000| Untracked 
| 105|0x0000000086900000, 0x0000000086900000, 0x0000000086a00000|  0%| F|  |TAMS 0x0000000086900000, 0x0000000086900000| Untracked 
| 106|0x0000000086a00000, 0x0000000086a00000, 0x0000000086b00000|  0%| F|  |TAMS 0x0000000086a00000, 0x0000000086a00000| Untracked 
| 107|0x0000000086b00000, 0x0000000086b00000, 0x0000000086c00000|  0%| F|  |TAMS 0x0000000086b00000, 0x0000000086b00000| Untracked 
| 108|0x0000000086c00000, 0x0000000086c00000, 0x0000000086d00000|  0%| F|  |TAMS 0x0000000086c00000, 0x0000000086c00000| Untracked 
| 109|0x0000000086d00000, 0x0000000086d00000, 0x0000000086e00000|  0%| F|  |TAMS 0x0000000086d00000, 0x0000000086d00000| Untracked 
| 110|0x0000000086e00000, 0x0000000086e00000, 0x0000000086f00000|  0%| F|  |TAMS 0x0000000086e00000, 0x0000000086e00000| Untracked 
| 111|0x0000000086f00000, 0x0000000086f00000, 0x0000000087000000|  0%| F|  |TAMS 0x0000000086f00000, 0x0000000086f00000| Untracked 
| 112|0x0000000087000000, 0x0000000087000000, 0x0000000087100000|  0%| F|  |TAMS 0x0000000087000000, 0x0000000087000000| Untracked 
| 113|0x0000000087100000, 0x0000000087100000, 0x0000000087200000|  0%| F|  |TAMS 0x0000000087100000, 0x0000000087100000| Untracked 
| 114|0x0000000087200000, 0x0000000087200000, 0x0000000087300000|  0%| F|  |TAMS 0x0000000087200000, 0x0000000087200000| Untracked 
| 115|0x0000000087300000, 0x0000000087300000, 0x0000000087400000|  0%| F|  |TAMS 0x0000000087300000, 0x0000000087300000| Untracked 
| 116|0x0000000087400000, 0x0000000087400000, 0x0000000087500000|  0%| F|  |TAMS 0x0000000087400000, 0x0000000087400000| Untracked 
| 117|0x0000000087500000, 0x0000000087500000, 0x0000000087600000|  0%| F|  |TAMS 0x0000000087500000, 0x0000000087500000| Untracked 
| 118|0x0000000087600000, 0x0000000087600000, 0x0000000087700000|  0%| F|  |TAMS 0x0000000087600000, 0x0000000087600000| Untracked 
| 119|0x0000000087700000, 0x0000000087700000, 0x0000000087800000|  0%| F|  |TAMS 0x0000000087700000, 0x0000000087700000| Untracked 
| 120|0x0000000087800000, 0x0000000087800000, 0x0000000087900000|  0%| F|  |TAMS 0x0000000087800000, 0x0000000087800000| Untracked 
| 121|0x0000000087900000, 0x0000000087900000, 0x0000000087a00000|  0%| F|  |TAMS 0x0000000087900000, 0x0000000087900000| Untracked 
| 122|0x0000000087a00000, 0x0000000087a00000, 0x0000000087b00000|  0%| F|  |TAMS 0x0000000087a00000, 0x0000000087a00000| Untracked 
| 123|0x0000000087b00000, 0x0000000087b00000, 0x0000000087c00000|  0%| F|  |TAMS 0x0000000087b00000, 0x0000000087b00000| Untracked 
| 124|0x0000000087c00000, 0x0000000087c00000, 0x0000000087d00000|  0%| F|  |TAMS 0x0000000087c00000, 0x0000000087c00000| Untracked 
| 125|0x0000000087d00000, 0x0000000087d00000, 0x0000000087e00000|  0%| F|  |TAMS 0x0000000087d00000, 0x0000000087d00000| Untracked 
| 126|0x0000000087e00000, 0x0000000087e00000, 0x0000000087f00000|  0%| F|  |TAMS 0x0000000087e00000, 0x0000000087e00000| Untracked 
| 127|0x0000000087f00000, 0x0000000087f00000, 0x0000000088000000|  0%| F|  |TAMS 0x0000000087f00000, 0x0000000087f00000| Untracked 
| 128|0x0000000088000000, 0x0000000088000000, 0x0000000088100000|  0%| F|  |TAMS 0x0000000088000000, 0x0000000088000000| Untracked 
| 129|0x0000000088100000, 0x0000000088100000, 0x0000000088200000|  0%| F|  |TAMS 0x0000000088100000, 0x0000000088100000| Untracked 
| 130|0x0000000088200000, 0x0000000088200000, 0x0000000088300000|  0%| F|  |TAMS 0x0000000088200000, 0x0000000088200000| Untracked 
| 131|0x0000000088300000, 0x0000000088300000, 0x0000000088400000|  0%| F|  |TAMS 0x0000000088300000, 0x0000000088300000| Untracked 
| 132|0x0000000088400000, 0x0000000088400000, 0x0000000088500000|  0%| F|  |TAMS 0x0000000088400000, 0x0000000088400000| Untracked 
| 133|0x0000000088500000, 0x0000000088500000, 0x0000000088600000|  0%| F|  |TAMS 0x0000000088500000, 0x0000000088500000| Untracked 
| 134|0x0000000088600000, 0x0000000088600000, 0x0000000088700000|  0%| F|  |TAMS 0x0000000088600000, 0x0000000088600000| Untracked 
| 135|0x0000000088700000, 0x0000000088700000, 0x0000000088800000|  0%| F|  |TAMS 0x0000000088700000, 0x0000000088700000| Untracked 
| 136|0x0000000088800000, 0x0000000088800000, 0x0000000088900000|  0%| F|  |TAMS 0x0000000088800000, 0x0000000088800000| Untracked 
| 137|0x0000000088900000, 0x0000000088900000, 0x0000000088a00000|  0%| F|  |TAMS 0x0000000088900000, 0x0000000088900000| Untracked 
| 138|0x0000000088a00000, 0x0000000088a00000, 0x0000000088b00000|  0%| F|  |TAMS 0x0000000088a00000, 0x0000000088a00000| Untracked 
| 139|0x0000000088b00000, 0x0000000088b00000, 0x0000000088c00000|  0%| F|  |TAMS 0x0000000088b00000, 0x0000000088b00000| Untracked 
| 140|0x0000000088c00000, 0x0000000088c00000, 0x0000000088d00000|  0%| F|  |TAMS 0x0000000088c00000, 0x0000000088c00000| Untracked 
| 141|0x0000000088d00000, 0x0000000088d00000, 0x0000000088e00000|  0%| F|  |TAMS 0x0000000088d00000, 0x0000000088d00000| Untracked 
| 142|0x0000000088e00000, 0x0000000088e00000, 0x0000000088f00000|  0%| F|  |TAMS 0x0000000088e00000, 0x0000000088e00000| Untracked 
| 143|0x0000000088f00000, 0x0000000088f00000, 0x0000000089000000|  0%| F|  |TAMS 0x0000000088f00000, 0x0000000088f00000| Untracked 
| 144|0x0000000089000000, 0x0000000089000000, 0x0000000089100000|  0%| F|  |TAMS 0x0000000089000000, 0x0000000089000000| Untracked 
| 145|0x0000000089100000, 0x0000000089100000, 0x0000000089200000|  0%| F|  |TAMS 0x0000000089100000, 0x0000000089100000| Untracked 
| 146|0x0000000089200000, 0x0000000089200000, 0x0000000089300000|  0%| F|  |TAMS 0x0000000089200000, 0x0000000089200000| Untracked 
| 147|0x0000000089300000, 0x0000000089300000, 0x0000000089400000|  0%| F|  |TAMS 0x0000000089300000, 0x0000000089300000| Untracked 
| 148|0x0000000089400000, 0x000000008943b290, 0x0000000089500000| 23%| E|  |TAMS 0x0000000089400000, 0x0000000089400000| Complete 
| 149|0x0000000089500000, 0x0000000089600000, 0x0000000089600000|100%| E|CS|TAMS 0x0000000089500000, 0x0000000089500000| Complete 
| 150|0x0000000089600000, 0x0000000089700000, 0x0000000089700000|100%| E|  |TAMS 0x0000000089600000, 0x0000000089600000| Complete 
| 151|0x0000000089700000, 0x0000000089800000, 0x0000000089800000|100%| E|CS|TAMS 0x0000000089700000, 0x0000000089700000| Complete 

Card table byte_map: [0x000002086f980000,0x000002086fd80000] _byte_map_base: 0x000002086f580000

Marking Bits (Prev, Next): (CMBitMap*) 0x00000208562e92c8, (CMBitMap*) 0x00000208562e9300
 Prev Bits: [0x0000020870180000, 0x0000020872180000)
 Next Bits: [0x0000020872180000, 0x0000020874180000)

Polling page: 0x0000020856390000

Metaspace:

Usage:
  Non-class:     73.86 MB capacity,    72.47 MB ( 98%) used,     1.17 MB (  2%) free+waste,   224.25 KB ( <1%) overhead. 
      Class:     11.35 MB capacity,    10.53 MB ( 93%) used,   737.64 KB (  6%) free+waste,   102.94 KB ( <1%) overhead. 
       Both:     85.21 MB capacity,    83.00 MB ( 97%) used,     1.89 MB (  2%) free+waste,   327.19 KB ( <1%) overhead. 

Virtual space:
  Non-class space:       76.00 MB reserved,      74.07 MB ( 97%) committed 
      Class space:        1.00 GB reserved,      11.38 MB (  1%) committed 
             Both:        1.07 GB reserved,      85.45 MB (  8%) committed 

Chunk freelists:
   Non-Class:  2.88 KB
       Class:  2.75 KB
        Both:  5.63 KB

CodeHeap 'non-profiled nmethods': size=120064Kb used=5106Kb max_used=5106Kb free=114957Kb
 bounds [0x0000020867a20000, 0x0000020867f20000, 0x000002086ef60000]
CodeHeap 'profiled nmethods': size=120000Kb used=18279Kb max_used=18279Kb free=101720Kb
 bounds [0x00000208604f0000, 0x00000208616d0000, 0x0000020867a20000]
CodeHeap 'non-nmethods': size=5696Kb used=2275Kb max_used=2352Kb free=3420Kb
 bounds [0x000002085ff60000, 0x00000208601d0000, 0x00000208604f0000]
 total_blobs=9340 nmethods=8468 adapters=783
 compilation: enabled
              stopped_count=0, restarted_count=0
 full_count=0

Compilation events (10 events):
Event: 44.084 Thread 0x000002087680d800 8441       3       org.gradle.internal.file.DefaultFileHierarchySet$Node::contains (101 bytes)
Event: 44.086 Thread 0x000002087680d800 nmethod 8441 0x000002086169ea10 code [0x000002086169ec60, 0x000002086169f598]
Event: 44.086 Thread 0x000002087680d800 8442       3       org.gradle.internal.file.DefaultFileHierarchySet$PrefixFileSet::contains (10 bytes)
Event: 44.086 Thread 0x000002087680d800 nmethod 8442 0x000002086169f890 code [0x000002086169fa40, 0x000002086169fb88]
Event: 44.086 Thread 0x000002087680d800 8443       1       org.gradle.internal.snapshot.AbstractFileSystemLocationSnapshot::getAccessType (5 bytes)
Event: 44.086 Thread 0x000002087680d800 nmethod 8443 0x0000020867f15e90 code [0x0000020867f16020, 0x0000020867f160d8]
Event: 44.086 Thread 0x000002087680d800 8444       1       org.gradle.internal.watch.registry.impl.WatchableHierarchies::access$000 (5 bytes)
Event: 44.087 Thread 0x000002087680d800 nmethod 8444 0x0000020867f16190 code [0x0000020867f16320, 0x0000020867f163b8]
Event: 44.087 Thread 0x000002087680d800 8445       3       org.gradle.internal.snapshot.FileSystemLeafSnapshot::accept (8 bytes)
Event: 44.087 Thread 0x000002087680d800 nmethod 8445 0x000002086169fc90 code [0x000002086169fe40, 0x00000208616a0008]

GC Heap History (10 events):
Event: 29.652 GC heap before
{Heap before GC invocations=13 (full 0):
 garbage-first heap   total 129024K, used 62877K [0x0000000080000000, 0x0000000100000000)
  region size 1024K, 18 young (18432K), 2 survivors (2048K)
 Metaspace       used 58376K, capacity 59922K, committed 59976K, reserved 1101824K
  class space    used 7355K, capacity 7935K, committed 7936K, reserved 1048576K
}
Event: 29.666 GC heap after
{Heap after GC invocations=14 (full 0):
 garbage-first heap   total 155648K, used 48059K [0x0000000080000000, 0x0000000100000000)
  region size 1024K, 3 young (3072K), 3 survivors (3072K)
 Metaspace       used 58376K, capacity 59922K, committed 59976K, reserved 1101824K
  class space    used 7355K, capacity 7935K, committed 7936K, reserved 1048576K
}
Event: 32.726 GC heap before
{Heap before GC invocations=15 (full 0):
 garbage-first heap   total 155648K, used 101307K [0x0000000080000000, 0x0000000100000000)
  region size 1024K, 55 young (56320K), 3 survivors (3072K)
 Metaspace       used 64016K, capacity 65578K, committed 65864K, reserved 1105920K
  class space    used 8042K, capacity 8657K, committed 8704K, reserved 1048576K
}
Event: 32.753 GC heap after
{Heap after GC invocations=16 (full 0):
 garbage-first heap   total 155648K, used 53558K [0x0000000080000000, 0x0000000100000000)
  region size 1024K, 7 young (7168K), 7 survivors (7168K)
 Metaspace       used 64016K, capacity 65578K, committed 65864K, reserved 1105920K
  class space    used 8042K, capacity 8657K, committed 8704K, reserved 1048576K
}
Event: 35.257 GC heap before
{Heap before GC invocations=17 (full 0):
 garbage-first heap   total 155648K, used 106806K [0x0000000080000000, 0x0000000100000000)
  region size 1024K, 59 young (60416K), 7 survivors (7168K)
 Metaspace       used 68166K, capacity 69928K, committed 70216K, reserved 1110016K
  class space    used 8704K, capacity 9380K, committed 9472K, reserved 1048576K
}
Event: 35.293 GC heap after
{Heap after GC invocations=18 (full 0):
 garbage-first heap   total 155648K, used 57320K [0x0000000080000000, 0x0000000100000000)
  region size 1024K, 5 young (5120K), 5 survivors (5120K)
 Metaspace       used 68166K, capacity 69928K, committed 70216K, reserved 1110016K
  class space    used 8704K, capacity 9380K, committed 9472K, reserved 1048576K
}
Event: 38.228 GC heap before
{Heap before GC invocations=18 (full 0):
 garbage-first heap   total 155648K, used 110568K [0x0000000080000000, 0x0000000100000000)
  region size 1024K, 57 young (58368K), 5 survivors (5120K)
 Metaspace       used 73487K, capacity 75324K, committed 75592K, reserved 1114112K
  class space    used 9503K, capacity 10159K, committed 10240K, reserved 1048576K
}
Event: 38.251 GC heap after
{Heap after GC invocations=19 (full 0):
 garbage-first heap   total 155648K, used 60156K [0x0000000080000000, 0x0000000100000000)
  region size 1024K, 8 young (8192K), 8 survivors (8192K)
 Metaspace       used 73487K, capacity 75324K, committed 75592K, reserved 1114112K
  class space    used 9503K, capacity 10159K, committed 10240K, reserved 1048576K
}
Event: 41.216 GC heap before
{Heap before GC invocations=19 (full 0):
 garbage-first heap   total 155648K, used 112380K [0x0000000080000000, 0x0000000100000000)
  region size 1024K, 60 young (61440K), 8 survivors (8192K)
 Metaspace       used 79260K, capacity 81204K, committed 81352K, reserved 1120256K
  class space    used 10156K, capacity 10880K, committed 10880K, reserved 1048576K
}
Event: 41.252 GC heap after
{Heap after GC invocations=20 (full 0):
 garbage-first heap   total 155648K, used 65489K [0x0000000080000000, 0x0000000100000000)
  region size 1024K, 8 young (8192K), 8 survivors (8192K)
 Metaspace       used 79260K, capacity 81204K, committed 81352K, reserved 1120256K
  class space    used 10156K, capacity 10880K, committed 10880K, reserved 1048576K
}

Deoptimization events (10 events):
Event: 42.161 Thread 0x000002087c6c9000 Uncommon trap: reason=class_check action=maybe_recompile pc=0x0000020867d0ea80 method=java.util.concurrent.ConcurrentHashMap.putVal(Ljava/lang/Object;Ljava/lang/Object;Z)Ljava/lang/Object; @ 242 c2
Event: 43.023 Thread 0x000002087c6c9000 Uncommon trap: reason=unstable_if action=reinterpret pc=0x0000020867cc0fc0 method=org.gradle.internal.snapshot.PathUtil.equalChars(CCLorg/gradle/internal/snapshot/CaseSensitivity;)Z @ 11 c2
Event: 43.045 Thread 0x000002087c6c9800 Uncommon trap: reason=bimorphic_or_optimized_type_check action=maybe_recompile pc=0x0000020867d33c44 method=java.io.BufferedInputStream.read1([BII)I @ 39 c2
Event: 43.051 Thread 0x000002087c6c9800 Uncommon trap: reason=unstable_if action=reinterpret pc=0x0000020867c99444 method=com.esotericsoftware.kryo.io.Input.readVarInt(Z)I @ 42 c2
Event: 43.243 Thread 0x000002087c6c9800 Uncommon trap: reason=bimorphic_or_optimized_type_check action=maybe_recompile pc=0x0000020867d33c44 method=java.io.BufferedInputStream.read1([BII)I @ 39 c2
Event: 43.492 Thread 0x000002087c6c9800 Uncommon trap: reason=bimorphic_or_optimized_type_check action=maybe_recompile pc=0x0000020867d33c44 method=java.io.BufferedInputStream.read1([BII)I @ 39 c2
Event: 43.788 Thread 0x000002087a0bb000 Uncommon trap: reason=unstable_if action=reinterpret pc=0x0000020867d665b4 method=java.util.regex.Matcher.search(I)Z @ 76 c2
Event: 43.836 Thread 0x000002087a0bb000 Uncommon trap: reason=unstable_if action=reinterpret pc=0x0000020867e428e4 method=org.gradle.internal.util.Trie.find(Ljava/lang/CharSequence;)Z @ 91 c2
Event: 43.885 Thread 0x000002087a0bb000 Uncommon trap: reason=unstable_if action=reinterpret pc=0x0000020867aeaa14 method=sun.nio.cs.UTF_8$Encoder.encodeArrayLoop(Ljava/nio/CharBuffer;Ljava/nio/ByteBuffer;)Ljava/nio/charset/CoderResult; @ 113 c2
Event: 44.107 Thread 0x000002087a0bb000 Uncommon trap: reason=unstable_if action=reinterpret pc=0x0000020867f0ca90 method=org.gradle.internal.snapshot.VfsRelativePath.compareToFirstSegment(Ljava/lang/String;Lorg/gradle/internal/snapshot/CaseSensitivity;)I @ 156 c2

Classes redefined (0 events):
No events

Internal exceptions (10 events):
Event: 41.486 Thread 0x000002087c6cd000 Exception <a 'java/lang/NoSuchMethodError'{0x0000000089124ec0}: static [Ljava/lang/String;.<clinit>()V> (0x0000000089124ec0) thrown at [./open/src/hotspot/share/prims/jni.cpp, line 1366]
Event: 41.611 Thread 0x0000020879bc1800 Exception <a 'java/lang/NoSuchMethodError'{0x0000000088f9fd50}: static Lorg/gradle/internal/build/event/types/DefaultTaskSkippedResult;.<clinit>()V> (0x0000000088f9fd50) thrown at [./open/src/hotspot/share/prims/jni.cpp, line 1366]
Event: 41.761 Thread 0x000002087a0bb000 Exception <a 'java/lang/NoSuchMethodError'{0x0000000088eab590}: java.lang.invoke.Invokers$Holder.linkToTargetMethod(Ljava/lang/Object;Ljava/lang/Object;Ljava/lang/Object;ILjava/lang/Object;Ljava/lang/Object;)Ljava/lang/Object;> (0x0000000088eab590) thrown
Event: 41.807 Thread 0x000002087a0bb000 Exception <a 'java/lang/IncompatibleClassChangeError'{0x0000000088d14860}: Found class java.lang.Object, but interface was expected> (0x0000000088d14860) thrown at [./open/src/hotspot/share/interpreter/linkResolver.cpp, line 838]
Event: 41.879 Thread 0x000002087a0bb000 Exception <a 'java/lang/NoSuchMethodError'{0x0000000088b043b8}: java.lang.invoke.DirectMethodHandle$Holder.invokeStaticInit(Ljava/lang/Object;Ljava/lang/Object;Ljava/lang/Object;Ljava/lang/Object;Ljava/lang/Object;)I> (0x0000000088b043b8) thrown at [./ope
Event: 43.018 Thread 0x0000020879bc1800 Exception <a 'java/lang/NoSuchMethodError'{0x00000000880bcd80}: static Lorg/gradle/internal/build/event/types/DefaultTaskFailureResult;.<clinit>()V> (0x00000000880bcd80) thrown at [./open/src/hotspot/share/prims/jni.cpp, line 1366]
Event: 43.024 Thread 0x0000020879bc1800 Exception <a 'java/lang/NoSuchMethodError'{0x00000000880d9648}: static [Ljava/lang/Object;.<clinit>()V> (0x00000000880d9648) thrown at [./open/src/hotspot/share/prims/jni.cpp, line 1366]
Event: 43.026 Thread 0x0000020879bc1800 Exception <a 'java/lang/NoSuchMethodError'{0x00000000880eabd8}: static Lorg/gradle/internal/build/event/types/DefaultFailure;.<clinit>()V> (0x00000000880eabd8) thrown at [./open/src/hotspot/share/prims/jni.cpp, line 1366]
Event: 43.832 Thread 0x000002087c6ce800 Exception <a 'sun/nio/fs/WindowsException'{0x0000000087281600}> (0x0000000087281600) thrown at [./open/src/hotspot/share/prims/jni.cpp, line 611]
Event: 44.073 Thread 0x000002087a0bb000 Exception <a 'java/lang/NoSuchMethodError'{0x0000000086d39568}: java.lang.invoke.DirectMethodHandle$Holder.invokeVirtual(Ljava/lang/Object;Ljava/lang/Object;Ljava/lang/Object;)I> (0x0000000086d39568) thrown at [./open/src/hotspot/share/interpreter/linkRes

Events (10 events):
Event: 44.114 loading class com/google/common/collect/EnumMultiset
Event: 44.114 loading class com/google/common/collect/EnumMultiset done
Event: 44.116 loading class org/gradle/internal/snapshot/FileSystemLocationSnapshot
Event: 44.116 loading class org/gradle/internal/snapshot/FileSystemLocationSnapshot done
Event: 44.116 loading class com/google/common/collect/EnumMultiset
Event: 44.116 loading class com/google/common/collect/EnumMultiset done
Event: 44.116 loading class com/google/common/collect/EnumMultiset
Event: 44.116 loading class com/google/common/collect/EnumMultiset done
Event: 44.116 loading class com/google/wireless/android/sdk/stats/ResourceManagerEvent
Event: 44.116 loading class com/google/wireless/android/sdk/stats/ResourceManagerEvent done


Dynamic libraries:
0x00007ff6c4b20000 - 0x00007ff6c4b2f000 	C:\Program Files\Java\jdk-11.0.12\bin\java.exe
0x00007ff9ab2d0000 - 0x00007ff9ab4c8000 	C:\Windows\SYSTEM32\ntdll.dll
0x00007ff9a9820000 - 0x00007ff9a98dd000 	C:\Windows\System32\KERNEL32.DLL
0x00007ff9a8c90000 - 0x00007ff9a8f5e000 	C:\Windows\System32\KERNELBASE.dll
0x00007ff9ab1e0000 - 0x00007ff9ab28e000 	C:\Windows\System32\ADVAPI32.DLL
0x00007ff9a9cf0000 - 0x00007ff9a9d8e000 	C:\Windows\System32\msvcrt.dll
0x00007ff9aa3d0000 - 0x00007ff9aa46c000 	C:\Windows\System32\sechost.dll
0x00007ff9aaff0000 - 0x00007ff9ab115000 	C:\Windows\System32\RPCRT4.dll
0x00007ff9a9230000 - 0x00007ff9a9330000 	C:\Windows\System32\ucrtbase.dll
0x00007ff9994f0000 - 0x00007ff999508000 	C:\Program Files\Java\jdk-11.0.12\bin\jli.dll
0x00007ff9aa4d0000 - 0x00007ff9aa670000 	C:\Windows\System32\USER32.dll
0x00007ff9a9110000 - 0x00007ff9a9132000 	C:\Windows\System32\win32u.dll
0x00007ff9a9bc0000 - 0x00007ff9a9bea000 	C:\Windows\System32\GDI32.dll
0x00007ff9a9000000 - 0x00007ff9a910b000 	C:\Windows\System32\gdi32full.dll
0x00007ff9a9140000 - 0x00007ff9a91dd000 	C:\Windows\System32\msvcp_win.dll
0x00007ff991330000 - 0x00007ff9915ca000 	C:\Windows\WinSxS\amd64_microsoft.windows.common-controls_6595b64144ccf1df_6.0.19041.1110_none_60b5254171f9507e\COMCTL32.dll
0x00007ff9a1b50000 - 0x00007ff9a1b5a000 	C:\Windows\SYSTEM32\VERSION.dll
0x00007ff9992f0000 - 0x00007ff999305000 	C:\Program Files\Java\jdk-11.0.12\bin\VCRUNTIME140.dll
0x00007ff9aa6d0000 - 0x00007ff9aa700000 	C:\Windows\System32\IMM32.DLL
0x00007ff955ec0000 - 0x00007ff955f5b000 	C:\Program Files\Java\jdk-11.0.12\bin\msvcp140.dll
0x00007ff9360f0000 - 0x00007ff936bef000 	C:\Program Files\Java\jdk-11.0.12\bin\server\jvm.dll
0x00007ff9ab120000 - 0x00007ff9ab128000 	C:\Windows\System32\PSAPI.DLL
0x00007ff9841a0000 - 0x00007ff9841a9000 	C:\Windows\SYSTEM32\WSOCK32.dll
0x00007ff9aaf80000 - 0x00007ff9aafeb000 	C:\Windows\System32\WS2_32.dll
0x00007ff9898f0000 - 0x00007ff989917000 	C:\Windows\SYSTEM32\WINMM.dll
0x00007ff9a7190000 - 0x00007ff9a71a2000 	C:\Windows\SYSTEM32\kernel.appcore.dll
0x00007ff99d680000 - 0x00007ff99d690000 	C:\Program Files\Java\jdk-11.0.12\bin\verify.dll
0x00007ff990fb0000 - 0x00007ff991194000 	C:\Windows\SYSTEM32\DBGHELP.DLL
0x00007ff990f80000 - 0x00007ff990fac000 	C:\Windows\SYSTEM32\dbgcore.DLL
0x00007ff9a89f0000 - 0x00007ff9a8a72000 	C:\Windows\System32\bcryptPrimitives.dll
0x00007ff97f580000 - 0x00007ff97f5a8000 	C:\Program Files\Java\jdk-11.0.12\bin\java.dll
0x00007ff99d070000 - 0x00007ff99d07a000 	C:\Program Files\Java\jdk-11.0.12\bin\jimage.dll
0x00007ff97f9c0000 - 0x00007ff97f9d6000 	C:\Program Files\Java\jdk-11.0.12\bin\zip.dll
0x00007ff9aa700000 - 0x00007ff9aae43000 	C:\Windows\System32\SHELL32.dll
0x00007ff9a67b0000 - 0x00007ff9a6f45000 	C:\Windows\SYSTEM32\windows.storage.dll
0x00007ff9a9f80000 - 0x00007ff9aa2d4000 	C:\Windows\System32\combase.dll
0x00007ff9a8380000 - 0x00007ff9a83b0000 	C:\Windows\SYSTEM32\Wldp.dll
0x00007ff9a9eb0000 - 0x00007ff9a9f5d000 	C:\Windows\System32\SHCORE.dll
0x00007ff9aa470000 - 0x00007ff9aa4c5000 	C:\Windows\System32\shlwapi.dll
0x00007ff9a8930000 - 0x00007ff9a894f000 	C:\Windows\SYSTEM32\profapi.dll
0x00007ff9981a0000 - 0x00007ff9981b9000 	C:\Program Files\Java\jdk-11.0.12\bin\net.dll
0x00007ff9a79e0000 - 0x00007ff9a7aea000 	C:\Windows\SYSTEM32\WINHTTP.dll
0x00007ff9a80e0000 - 0x00007ff9a814a000 	C:\Windows\system32\mswsock.dll
0x00007ff982ee0000 - 0x00007ff982ef2000 	C:\Program Files\Java\jdk-11.0.12\bin\nio.dll
0x00007ff9a53e0000 - 0x00007ff9a5407000 	D:\AndroidWorkFolder\.gradle\native\8bec1ad78214c89d9ad589b4d07fe93259594b29d510b10fafb7a158f7737e5d\windows-amd64\native-platform.dll
0x00007ff956b40000 - 0x00007ff956c7d000 	D:\AndroidWorkFolder\.gradle\native\53dbd7edfb1c66fb8903c78663c9afc45aea4f116125fa6feffd364cf09443e8\windows-amd64\native-platform-file-events.dll
0x00007ff99b450000 - 0x00007ff99b459000 	C:\Program Files\Java\jdk-11.0.12\bin\management.dll
0x00007ff99b1a0000 - 0x00007ff99b1ab000 	C:\Program Files\Java\jdk-11.0.12\bin\management_ext.dll
0x00007ff9a82d0000 - 0x00007ff9a82e8000 	C:\Windows\SYSTEM32\CRYPTSP.dll
0x00007ff9a7950000 - 0x00007ff9a7984000 	C:\Windows\system32\rsaenh.dll
0x00007ff9a8fd0000 - 0x00007ff9a8ff7000 	C:\Windows\System32\bcrypt.dll
0x00007ff9a88f0000 - 0x00007ff9a891e000 	C:\Windows\SYSTEM32\USERENV.dll
0x00007ff9a82f0000 - 0x00007ff9a82fc000 	C:\Windows\SYSTEM32\CRYPTBASE.dll
0x00007ff9a7dd0000 - 0x00007ff9a7e0b000 	C:\Windows\SYSTEM32\IPHLPAPI.DLL
0x00007ff9a9cd0000 - 0x00007ff9a9cd8000 	C:\Windows\System32\NSI.dll
0x00007ff9a2840000 - 0x00007ff9a2857000 	C:\Windows\SYSTEM32\dhcpcsvc6.DLL
0x00007ff9a25c0000 - 0x00007ff9a25dd000 	C:\Windows\SYSTEM32\dhcpcsvc.DLL
0x00007ff9a7e10000 - 0x00007ff9a7eda000 	C:\Windows\SYSTEM32\DNSAPI.dll

dbghelp: loaded successfully - version: 4.0.5 - missing functions: none
symbol engine: initialized successfully - sym options: 0x614 - pdb path: .;C:\Program Files\Java\jdk-11.0.12\bin;C:\Windows\SYSTEM32;C:\Windows\WinSxS\amd64_microsoft.windows.common-controls_6595b64144ccf1df_6.0.19041.1110_none_60b5254171f9507e;C:\Program Files\Java\jdk-11.0.12\bin\server;D:\AndroidWorkFolder\.gradle\native\8bec1ad78214c89d9ad589b4d07fe93259594b29d510b10fafb7a158f7737e5d\windows-amd64;D:\AndroidWorkFolder\.gradle\native\53dbd7edfb1c66fb8903c78663c9afc45aea4f116125fa6feffd364cf09443e8\windows-amd64

VM Arguments:
jvm_args: --add-opens=java.base/java.util=ALL-UNNAMED --add-opens=java.base/java.lang=ALL-UNNAMED --add-opens=java.base/java.lang.invoke=ALL-UNNAMED --add-opens=java.base/java.util=ALL-UNNAMED --add-opens=java.prefs/java.util.prefs=ALL-UNNAMED --add-opens=java.prefs/java.util.prefs=ALL-UNNAMED --add-opens=java.base/java.nio.charset=ALL-UNNAMED --add-opens=java.base/java.net=ALL-UNNAMED --add-opens=java.base/java.util.concurrent.atomic=ALL-UNNAMED -Xmx2048m -Dfile.encoding=UTF-8 -Duser.country=BR -Duser.language=pt -Duser.variant 
java_command: org.gradle.launcher.daemon.bootstrap.GradleDaemon 7.0.2
java_class_path (initial): D:\AndroidWorkFolder\.gradle\wrapper\dists\gradle-7.0.2-bin\857tjihv64xamwrf0h14cai3r\gradle-7.0.2\lib\gradle-launcher-7.0.2.jar
Launcher Type: SUN_STANDARD

[Global flags]
     intx CICompilerCount                          = 3                                         {product} {ergonomic}
     uint ConcGCThreads                            = 1                                         {product} {ergonomic}
     uint G1ConcRefinementThreads                  = 4                                         {product} {ergonomic}
   size_t G1HeapRegionSize                         = 1048576                                   {product} {ergonomic}
    uintx GCDrainStackTargetSize                   = 64                                        {product} {ergonomic}
   size_t InitialHeapSize                          = 132120576                                 {product} {ergonomic}
   size_t MarkStackSize                            = 4194304                                   {product} {ergonomic}
   size_t MaxHeapSize                              = 2147483648                                {product} {command line}
   size_t MaxNewSize                               = 1287651328                                {product} {ergonomic}
   size_t MinHeapDeltaBytes                        = 1048576                                   {product} {ergonomic}
    uintx NonNMethodCodeHeapSize                   = 5830732                                {pd product} {ergonomic}
    uintx NonProfiledCodeHeapSize                  = 122913754                              {pd product} {ergonomic}
    uintx ProfiledCodeHeapSize                     = 122913754                              {pd product} {ergonomic}
    uintx ReservedCodeCacheSize                    = 251658240                              {pd product} {ergonomic}
     bool SegmentedCodeCache                       = true                                      {product} {ergonomic}
     bool UseCompressedClassPointers               = true                                 {lp64_product} {ergonomic}
     bool UseCompressedOops                        = true                                 {lp64_product} {ergonomic}
     bool UseG1GC                                  = true                                      {product} {ergonomic}
     bool UseLargePagesIndividualAllocation        = false                                  {pd product} {ergonomic}

Logging:
Log output configuration:
 #0: stdout all=warning uptime,level,tags
 #1: stderr all=off uptime,level,tags

Environment Variables:
JAVA_HOME=C:\Program Files\Java\jdk-11.0.12
PATH=C:\Windows\system32;C:\Windows;C:\Windows\System32\Wbem;C:\Windows\System32\WindowsPowerShell\v1.0\;C:\Windows\System32\OpenSSH\;C:\Program Files\Java\jdk1.8.0_301\bin\;C:\Program Files (x86)\Brackets\command;D:\maven\apache-maven-3.6.2\bin;C:\Program Files\Microsoft SQL Server\130\Tools\Binn\;C:\Program Files\Microsoft SQL Server\Client SDK\ODBC\170\Tools\Binn\;C:\Program Files (x86)\Microsoft SQL Server\150\Tools\Binn\;C:\Program Files\Microsoft SQL Server\150\Tools\Binn\;C:\Program Files\Microsoft SQL Server\150\DTS\Binn\;C:\Program Files (x86)\Microsoft SQL Server\150\DTS\Binn\;C:\Program Files\Azure Data Studio\bin;C:\Program Files\Git\cmd;C:\ProgramData\UNIVALI\Portugol Studio;C:\Program Files\nodejs\;C:\Program Files (x86)\Dev-Cpp\MinGW64\bin\;C:\Program Files\Java\jdk-11.0.12\bin;C:\Program Files\dotnet\;;C:\Program Files\Microsoft VS Code\bin;C:\Users\Vitor_078929\AppData\Local\Microsoft\WindowsApps;
USERNAME=Vitor_078929
OS=Windows_NT
PROCESSOR_IDENTIFIER=Intel64 Family 6 Model 158 Stepping 11, GenuineIntel



---------------  S Y S T E M  ---------------

OS: Windows 10 , 64 bit Build 19041 (10.0.19041.1889)

CPU:total 4 (initial active 4) (4 cores per cpu, 1 threads per core) family 6 model 158 stepping 11 microcode 0xec, cmov, cx8, fxsr, mmx, sse, sse2, sse3, ssse3, sse4.1, sse4.2, popcnt, avx, avx2, aes, clmul, erms, 3dnowpref, lzcnt, tsc, tscinvbit, bmi1, bmi2, adx, fma

Memory: 4k page, system-wide physical 8015M (1461M free)
TotalPageFile size 10218M (AvailPageFile size 1170M)
current process WorkingSet (physical memory assigned to process): 379M, peak: 382M
current process commit charge ("private bytes"): 416M, peak: 420M

vm_info: Java HotSpot(TM) 64-Bit Server VM (11.0.12+8-LTS-237) for windows-amd64 JRE (11.0.12+8-LTS-237), built on Jun  8 2021 11:25:59 by "mach5one" with MS VC++ 15.9 (VS2017)

END.
